0	1	mikroCPIC1618.exe -MSF -DBG -pP18F2550 -RA -GC -Y -DL -O11111114 -fo20 -N"C:\Users\Nassorri\toshiba\PIC_MCU\mC_PRO\Programs\P18\RDAQ_560\node2\node2.mcppi" -SP"C:\Users\Public\Documents\mikroElektronika\mikroC PRO for PIC_560\defs\" -SP"C:\Users\Public\Documents\mikroElektronika\mikroC PRO for PIC_560\uses\P18\" -SP"C:\Users\Nassorri\toshiba\PIC_MCU\mC_PRO\Programs\P18\RDAQ_560\node2\" -SP"C:\Users\Nassorri\toshiba\PIC_MCU\mC_PRO\Programs\P18\RDAQ_560\lib\" -SP"C:\Users\Nassorri\toshiba\PIC_MCU\mC_PRO\Programs\P18\RDAQ_560\lib\constants\" "node2.c" "mrf_delays.c" "mrf24j40_const.c" "__Lib_Mrf24j40.mcl" "__module_Tasks.mcl" "__Lib_Math.mcl" "__Lib_MathDouble.mcl" "__Lib_System.mcl" "__Lib_Delays.mcl" "__Lib_ADC_A_D.mcl" "__Lib_PWM_c21.mcl" "__Lib_SPI_b10c7.mcl" "__Lib_USB_genHID.mcl"	 
hint: 0	1139	Available RAM: 2027 [bytes], Available ROM: 32768 [bytes]	 
diagnostics: 0	122	Compilation Started	P18F2550.c
diagnostics: 1411	123	Compiled Successfully	P18F2550.c
diagnostics: 0	122	Compilation Started	__Lib_Delays.c
diagnostics: 172	123	Compiled Successfully	__Lib_Delays.c
diagnostics: 0	126	All files Preprocessed in 78 ms	 
diagnostics: 0	122	Compilation Started	node2.c
diagnostics: 291	123	Compiled Successfully	node2.c
diagnostics: 0	122	Compilation Started	mrf_delays.c
diagnostics: 19	123	Compiled Successfully	mrf_delays.c
diagnostics: 0	122	Compilation Started	mrf24j40_const.c
diagnostics: 108	123	Compiled Successfully	mrf24j40_const.c
diagnostics: 0	127	All files Compiled in 125 ms	 
hint: 0	1144	Used RAM (bytes): 249 (12%)  Free RAM (bytes): 1778 (88%)	Used RAM (bytes): 249 (12%)  Free RAM (bytes): 1778 (88%)
hint: 0	1144	Used ROM (bytes): 3332 (10%)  Free ROM (bytes): 29436 (90%)	Used ROM (bytes): 3332 (10%)  Free ROM (bytes): 29436 (90%)
diagnostics: 0	125	Project Linked Successfully	node2.mcppi
hint: 0	1004	COFF file successfully generated	COFF file successfully generated
diagnostics: 0	128	Linked in 764 ms	 
diagnostics: 0	129	Project 'node2.mcppi' completed: 1139 ms	 
diagnostics: 0	103	Finished successfully: 15 abr 2012, 16:19:54	node2.mcppi
